<?xml version="1.0" encoding="UTF-8"?>
<testsuite xmlns:xsi="http://www.w3.org/2001/XMLSchema-instance" xsi:noNamespaceSchemaLocation="https://maven.apache.org/surefire/maven-surefire-plugin/xsd/surefire-test-report.xsd" name="TestSuite" time="23.416" tests="24" errors="0" skipped="14" failures="10">
  <properties>
[...]
</properties>
  <testcase name="launchBrowser" classname="com.naveenautomation.tests.AddressBookPageTest" time="4.412">
    <failure message="session not created: This version of ChromeDriver only supports Chrome version 114&#10;Current browser version is 122.0.6261.129 with binary path C:\Program Files (x86)\Google\Chrome\Application\chrome.exe&#10;Build info: version: &apos;3.141.59&apos;, revision: &apos;e82be7d358&apos;, time: &apos;2018-11-14T08:17:03&apos;&#10;System info: host: &apos;HP&apos;, ip: &apos;10.0.0.47&apos;, os.name: &apos;Windows 11&apos;, os.arch: &apos;amd64&apos;, os.version: &apos;10.0&apos;, java.version: &apos;11.0.16&apos;&#10;Driver info: driver.version: ChromeDriver&#10;remote stacktrace: Backtrace:&#10;	GetHandleVerifier [0x00A4A813+48355]&#10;	(No symbol) [0x009DC4B1]&#10;	(No symbol) [0x008E5358]&#10;	(No symbol) [0x009061AC]&#10;	(No symbol) [0x00901EF3]&#10;	(No symbol) [0x00900579]&#10;	(No symbol) [0x00930C55]&#10;	(No symbol) [0x0093093C]&#10;	(No symbol) [0x0092A536]&#10;	(No symbol) [0x009082DC]&#10;	(No symbol) [0x009093DD]&#10;	GetHandleVerifier [0x00CAAABD+2539405]&#10;	GetHandleVerifier [0x00CEA78F+2800735]&#10;	GetHandleVerifier [0x00CE456C+2775612]&#10;	GetHandleVerifier [0x00AD51E0+616112]&#10;	(No symbol) [0x009E5F8C]&#10;	(No symbol) [0x009E2328]&#10;	(No symbol) [0x009E240B]&#10;	(No symbol) [0x009D4FF7]&#10;	BaseThreadInitThunk [0x76C57BA9+25]&#10;	RtlInitializeExceptionChain [0x77C8BDAB+107]&#10;	RtlClearBits [0x77C8BD2F+191]&#10;" type="org.openqa.selenium.SessionNotCreatedException">org.openqa.selenium.SessionNotCreatedException: 
session not created: This version of ChromeDriver only supports Chrome version 114
Current browser version is 122.0.6261.129 with binary path C:\Program Files (x86)\Google\Chrome\Application\chrome.exe
Build info: version: '3.141.59', revision: 'e82be7d358', time: '2018-11-14T08:17:03'
System info: host: 'HP', ip: '10.0.0.47', os.name: 'Windows 11', os.arch: 'amd64', os.version: '10.0', java.version: '11.0.16'
Driver info: driver.version: ChromeDriver
remote stacktrace: Backtrace:
	GetHandleVerifier [0x00A4A813+48355]
	(No symbol) [0x009DC4B1]
	(No symbol) [0x008E5358]
	(No symbol) [0x009061AC]
	(No symbol) [0x00901EF3]
	(No symbol) [0x00900579]
	(No symbol) [0x00930C55]
	(No symbol) [0x0093093C]
	(No symbol) [0x0092A536]
	(No symbol) [0x009082DC]
	(No symbol) [0x009093DD]
	GetHandleVerifier [0x00CAAABD+2539405]
	GetHandleVerifier [0x00CEA78F+2800735]
	GetHandleVerifier [0x00CE456C+2775612]
	GetHandleVerifier [0x00AD51E0+616112]
	(No symbol) [0x009E5F8C]
	(No symbol) [0x009E2328]
	(No symbol) [0x009E240B]
	(No symbol) [0x009D4FF7]
	BaseThreadInitThunk [0x76C57BA9+25]
	RtlInitializeExceptionChain [0x77C8BDAB+107]
	RtlClearBits [0x77C8BD2F+191]

	at com.naveenautomation.tests.AddressBookPageTest.launchBrowser(AddressBookPageTest.java:25)
</failure>
    <system-out><![CDATA[0 [main] INFO com.naveenautomation.TestBase.TestBase  - Launching Chrome Browser
]]></system-out>
    <system-err><![CDATA[log4j:ERROR Could not read configuration file [log4j.properties].
java.io.FileNotFoundException: log4j.properties (The system cannot find the file specified)
	at java.base/java.io.FileInputStream.open0(Native Method)
	at java.base/java.io.FileInputStream.open(FileInputStream.java:219)
	at java.base/java.io.FileInputStream.<init>(FileInputStream.java:157)
	at java.base/java.io.FileInputStream.<init>(FileInputStream.java:112)
	at org.apache.log4j.PropertyConfigurator.doConfigure(PropertyConfigurator.java:372)
	at org.apache.log4j.PropertyConfigurator.configure(PropertyConfigurator.java:403)
	at com.naveenautomation.TestBase.TestBase.setupLogger(TestBase.java:52)
	at java.base/jdk.internal.reflect.NativeMethodAccessorImpl.invoke0(Native Method)
	at java.base/jdk.internal.reflect.NativeMethodAccessorImpl.invoke(NativeMethodAccessorImpl.java:62)
	at java.base/jdk.internal.reflect.DelegatingMethodAccessorImpl.invoke(DelegatingMethodAccessorImpl.java:43)
	at java.base/java.lang.reflect.Method.invoke(Method.java:566)
	at org.testng.internal.MethodInvocationHelper.invokeMethod(MethodInvocationHelper.java:85)
	at org.testng.internal.Invoker.invokeConfigurationMethod(Invoker.java:510)
	at org.testng.internal.Invoker.invokeConfigurations(Invoker.java:211)
	at org.testng.internal.Invoker.invokeConfigurations(Invoker.java:138)
	at org.testng.internal.TestMethodWorker.invokeBeforeClassMethods(TestMethodWorker.java:170)
	at org.testng.internal.TestMethodWorker.run(TestMethodWorker.java:104)
	at org.testng.TestRunner.privateRun(TestRunner.java:774)
	at org.testng.TestRunner.run(TestRunner.java:624)
	at org.testng.SuiteRunner.runTest(SuiteRunner.java:359)
	at org.testng.SuiteRunner.runSequentially(SuiteRunner.java:354)
	at org.testng.SuiteRunner.privateRun(SuiteRunner.java:312)
	at org.testng.SuiteRunner.run(SuiteRunner.java:261)
	at org.testng.SuiteRunnerWorker.runSuite(SuiteRunnerWorker.java:52)
	at org.testng.SuiteRunnerWorker.run(SuiteRunnerWorker.java:86)
	at org.testng.TestNG.runSuitesSequentially(TestNG.java:1191)
	at org.testng.TestNG.runSuitesLocally(TestNG.java:1116)
	at org.testng.TestNG.run(TestNG.java:1024)
	at org.apache.maven.surefire.testng.TestNGExecutor.run(TestNGExecutor.java:135)
	at org.apache.maven.surefire.testng.TestNGDirectoryTestSuite.executeMulti(TestNGDirectoryTestSuite.java:193)
	at org.apache.maven.surefire.testng.TestNGDirectoryTestSuite.execute(TestNGDirectoryTestSuite.java:94)
	at org.apache.maven.surefire.testng.TestNGProvider.invoke(TestNGProvider.java:146)
	at org.apache.maven.surefire.booter.ForkedBooter.invokeProviderInSameClassLoader(ForkedBooter.java:384)
	at org.apache.maven.surefire.booter.ForkedBooter.runSuitesInProcess(ForkedBooter.java:345)
	at org.apache.maven.surefire.booter.ForkedBooter.execute(ForkedBooter.java:126)
	at org.apache.maven.surefire.booter.ForkedBooter.main(ForkedBooter.java:418)
log4j:ERROR Ignoring configuration file [log4j.properties].
SLF4J: No SLF4J providers were found.
SLF4J: Defaulting to no-operation (NOP) logger implementation
SLF4J: See https://www.slf4j.org/codes.html#noProviders for further details.
Starting ChromeDriver 114.0.5735.90 (386bc09e8f4f2e025eddae123f36f6263096ae49-refs/branch-heads/5735@{#1052}) on port 59265
Only local connections are allowed.
Please see https://chromedriver.chromium.org/security-considerations for suggestions on keeping ChromeDriver safe.
ChromeDriver was started successfully.
]]></system-err>
  </testcase>
  <testcase name="validateNewAddressAddition" classname="com.naveenautomation.tests.AddressBookPageTest" time="0">
    <skipped/>
  </testcase>
  <testcase name="launchBrowser" classname="com.naveenautomation.tests.WishlistPageTest" time="2.297">
    <failure message="session not created: This version of ChromeDriver only supports Chrome version 114&#10;Current browser version is 122.0.6261.129 with binary path C:\Program Files (x86)\Google\Chrome\Application\chrome.exe&#10;Build info: version: &apos;3.141.59&apos;, revision: &apos;e82be7d358&apos;, time: &apos;2018-11-14T08:17:03&apos;&#10;System info: host: &apos;HP&apos;, ip: &apos;10.0.0.47&apos;, os.name: &apos;Windows 11&apos;, os.arch: &apos;amd64&apos;, os.version: &apos;10.0&apos;, java.version: &apos;11.0.16&apos;&#10;Driver info: driver.version: ChromeDriver&#10;remote stacktrace: Backtrace:&#10;	GetHandleVerifier [0x00A4A813+48355]&#10;	(No symbol) [0x009DC4B1]&#10;	(No symbol) [0x008E5358]&#10;	(No symbol) [0x009061AC]&#10;	(No symbol) [0x00901EF3]&#10;	(No symbol) [0x00900579]&#10;	(No symbol) [0x00930C55]&#10;	(No symbol) [0x0093093C]&#10;	(No symbol) [0x0092A536]&#10;	(No symbol) [0x009082DC]&#10;	(No symbol) [0x009093DD]&#10;	GetHandleVerifier [0x00CAAABD+2539405]&#10;	GetHandleVerifier [0x00CEA78F+2800735]&#10;	GetHandleVerifier [0x00CE456C+2775612]&#10;	GetHandleVerifier [0x00AD51E0+616112]&#10;	(No symbol) [0x009E5F8C]&#10;	(No symbol) [0x009E2328]&#10;	(No symbol) [0x009E240B]&#10;	(No symbol) [0x009D4FF7]&#10;	BaseThreadInitThunk [0x76C57BA9+25]&#10;	RtlInitializeExceptionChain [0x77C8BDAB+107]&#10;	RtlClearBits [0x77C8BD2F+191]&#10;" type="org.openqa.selenium.SessionNotCreatedException">org.openqa.selenium.SessionNotCreatedException: 
session not created: This version of ChromeDriver only supports Chrome version 114
Current browser version is 122.0.6261.129 with binary path C:\Program Files (x86)\Google\Chrome\Application\chrome.exe
Build info: version: '3.141.59', revision: 'e82be7d358', time: '2018-11-14T08:17:03'
System info: host: 'HP', ip: '10.0.0.47', os.name: 'Windows 11', os.arch: 'amd64', os.version: '10.0', java.version: '11.0.16'
Driver info: driver.version: ChromeDriver
remote stacktrace: Backtrace:
	GetHandleVerifier [0x00A4A813+48355]
	(No symbol) [0x009DC4B1]
	(No symbol) [0x008E5358]
	(No symbol) [0x009061AC]
	(No symbol) [0x00901EF3]
	(No symbol) [0x00900579]
	(No symbol) [0x00930C55]
	(No symbol) [0x0093093C]
	(No symbol) [0x0092A536]
	(No symbol) [0x009082DC]
	(No symbol) [0x009093DD]
	GetHandleVerifier [0x00CAAABD+2539405]
	GetHandleVerifier [0x00CEA78F+2800735]
	GetHandleVerifier [0x00CE456C+2775612]
	GetHandleVerifier [0x00AD51E0+616112]
	(No symbol) [0x009E5F8C]
	(No symbol) [0x009E2328]
	(No symbol) [0x009E240B]
	(No symbol) [0x009D4FF7]
	BaseThreadInitThunk [0x76C57BA9+25]
	RtlInitializeExceptionChain [0x77C8BDAB+107]
	RtlClearBits [0x77C8BD2F+191]

	at com.naveenautomation.tests.WishlistPageTest.launchBrowser(WishlistPageTest.java:21)
</failure>
    <system-out><![CDATA[3070 [main] INFO com.naveenautomation.TestBase.TestBase  - Launching Chrome Browser
3070 [main] INFO com.naveenautomation.TestBase.TestBase  - Launching Chrome Browser
]]></system-out>
    <system-err><![CDATA[log4j:ERROR Could not read configuration file [log4j.properties].
java.io.FileNotFoundException: log4j.properties (The system cannot find the file specified)
	at java.base/java.io.FileInputStream.open0(Native Method)
	at java.base/java.io.FileInputStream.open(FileInputStream.java:219)
	at java.base/java.io.FileInputStream.<init>(FileInputStream.java:157)
	at java.base/java.io.FileInputStream.<init>(FileInputStream.java:112)
	at org.apache.log4j.PropertyConfigurator.doConfigure(PropertyConfigurator.java:372)
	at org.apache.log4j.PropertyConfigurator.configure(PropertyConfigurator.java:403)
	at com.naveenautomation.TestBase.TestBase.setupLogger(TestBase.java:52)
	at java.base/jdk.internal.reflect.NativeMethodAccessorImpl.invoke0(Native Method)
	at java.base/jdk.internal.reflect.NativeMethodAccessorImpl.invoke(NativeMethodAccessorImpl.java:62)
	at java.base/jdk.internal.reflect.DelegatingMethodAccessorImpl.invoke(DelegatingMethodAccessorImpl.java:43)
	at java.base/java.lang.reflect.Method.invoke(Method.java:566)
	at org.testng.internal.MethodInvocationHelper.invokeMethod(MethodInvocationHelper.java:85)
	at org.testng.internal.Invoker.invokeConfigurationMethod(Invoker.java:510)
	at org.testng.internal.Invoker.invokeConfigurations(Invoker.java:211)
	at org.testng.internal.Invoker.invokeConfigurations(Invoker.java:138)
	at org.testng.internal.TestMethodWorker.invokeBeforeClassMethods(TestMethodWorker.java:170)
	at org.testng.internal.TestMethodWorker.run(TestMethodWorker.java:104)
	at org.testng.TestRunner.privateRun(TestRunner.java:774)
	at org.testng.TestRunner.run(TestRunner.java:624)
	at org.testng.SuiteRunner.runTest(SuiteRunner.java:359)
	at org.testng.SuiteRunner.runSequentially(SuiteRunner.java:354)
	at org.testng.SuiteRunner.privateRun(SuiteRunner.java:312)
	at org.testng.SuiteRunner.run(SuiteRunner.java:261)
	at org.testng.SuiteRunnerWorker.runSuite(SuiteRunnerWorker.java:52)
	at org.testng.SuiteRunnerWorker.run(SuiteRunnerWorker.java:86)
	at org.testng.TestNG.runSuitesSequentially(TestNG.java:1191)
	at org.testng.TestNG.runSuitesLocally(TestNG.java:1116)
	at org.testng.TestNG.run(TestNG.java:1024)
	at org.apache.maven.surefire.testng.TestNGExecutor.run(TestNGExecutor.java:135)
	at org.apache.maven.surefire.testng.TestNGDirectoryTestSuite.executeMulti(TestNGDirectoryTestSuite.java:193)
	at org.apache.maven.surefire.testng.TestNGDirectoryTestSuite.execute(TestNGDirectoryTestSuite.java:94)
	at org.apache.maven.surefire.testng.TestNGProvider.invoke(TestNGProvider.java:146)
	at org.apache.maven.surefire.booter.ForkedBooter.invokeProviderInSameClassLoader(ForkedBooter.java:384)
	at org.apache.maven.surefire.booter.ForkedBooter.runSuitesInProcess(ForkedBooter.java:345)
	at org.apache.maven.surefire.booter.ForkedBooter.execute(ForkedBooter.java:126)
	at org.apache.maven.surefire.booter.ForkedBooter.main(ForkedBooter.java:418)
log4j:ERROR Ignoring configuration file [log4j.properties].
Starting ChromeDriver 114.0.5735.90 (386bc09e8f4f2e025eddae123f36f6263096ae49-refs/branch-heads/5735@{#1052}) on port 55524
Only local connections are allowed.
Please see https://chromedriver.chromium.org/security-considerations for suggestions on keeping ChromeDriver safe.
ChromeDriver was started successfully.
]]></system-err>
  </testcase>
  <testcase name="validateNewAddressAddition" classname="com.naveenautomation.tests.WishlistPageTest" time="0">
    <skipped/>
  </testcase>
  <testcase name="launchBrowser" classname="com.naveenautomation.tests.CheckoutPageTest" time="1.812">
    <failure message="session not created: This version of ChromeDriver only supports Chrome version 114&#10;Current browser version is 122.0.6261.129 with binary path C:\Program Files (x86)\Google\Chrome\Application\chrome.exe&#10;Build info: version: &apos;3.141.59&apos;, revision: &apos;e82be7d358&apos;, time: &apos;2018-11-14T08:17:03&apos;&#10;System info: host: &apos;HP&apos;, ip: &apos;10.0.0.47&apos;, os.name: &apos;Windows 11&apos;, os.arch: &apos;amd64&apos;, os.version: &apos;10.0&apos;, java.version: &apos;11.0.16&apos;&#10;Driver info: driver.version: ChromeDriver&#10;remote stacktrace: Backtrace:&#10;	GetHandleVerifier [0x00A4A813+48355]&#10;	(No symbol) [0x009DC4B1]&#10;	(No symbol) [0x008E5358]&#10;	(No symbol) [0x009061AC]&#10;	(No symbol) [0x00901EF3]&#10;	(No symbol) [0x00900579]&#10;	(No symbol) [0x00930C55]&#10;	(No symbol) [0x0093093C]&#10;	(No symbol) [0x0092A536]&#10;	(No symbol) [0x009082DC]&#10;	(No symbol) [0x009093DD]&#10;	GetHandleVerifier [0x00CAAABD+2539405]&#10;	GetHandleVerifier [0x00CEA78F+2800735]&#10;	GetHandleVerifier [0x00CE456C+2775612]&#10;	GetHandleVerifier [0x00AD51E0+616112]&#10;	(No symbol) [0x009E5F8C]&#10;	(No symbol) [0x009E2328]&#10;	(No symbol) [0x009E240B]&#10;	(No symbol) [0x009D4FF7]&#10;	BaseThreadInitThunk [0x76C57BA9+25]&#10;	RtlInitializeExceptionChain [0x77C8BDAB+107]&#10;	RtlClearBits [0x77C8BD2F+191]&#10;" type="org.openqa.selenium.SessionNotCreatedException">org.openqa.selenium.SessionNotCreatedException: 
session not created: This version of ChromeDriver only supports Chrome version 114
Current browser version is 122.0.6261.129 with binary path C:\Program Files (x86)\Google\Chrome\Application\chrome.exe
Build info: version: '3.141.59', revision: 'e82be7d358', time: '2018-11-14T08:17:03'
System info: host: 'HP', ip: '10.0.0.47', os.name: 'Windows 11', os.arch: 'amd64', os.version: '10.0', java.version: '11.0.16'
Driver info: driver.version: ChromeDriver
remote stacktrace: Backtrace:
	GetHandleVerifier [0x00A4A813+48355]
	(No symbol) [0x009DC4B1]
	(No symbol) [0x008E5358]
	(No symbol) [0x009061AC]
	(No symbol) [0x00901EF3]
	(No symbol) [0x00900579]
	(No symbol) [0x00930C55]
	(No symbol) [0x0093093C]
	(No symbol) [0x0092A536]
	(No symbol) [0x009082DC]
	(No symbol) [0x009093DD]
	GetHandleVerifier [0x00CAAABD+2539405]
	GetHandleVerifier [0x00CEA78F+2800735]
	GetHandleVerifier [0x00CE456C+2775612]
	GetHandleVerifier [0x00AD51E0+616112]
	(No symbol) [0x009E5F8C]
	(No symbol) [0x009E2328]
	(No symbol) [0x009E240B]
	(No symbol) [0x009D4FF7]
	BaseThreadInitThunk [0x76C57BA9+25]
	RtlInitializeExceptionChain [0x77C8BDAB+107]
	RtlClearBits [0x77C8BD2F+191]

	at com.naveenautomation.tests.CheckoutPageTest.launchBrowser(CheckoutPageTest.java:22)
</failure>
    <system-out><![CDATA[5170 [main] INFO com.naveenautomation.TestBase.TestBase  - Launching Chrome Browser
5170 [main] INFO com.naveenautomation.TestBase.TestBase  - Launching Chrome Browser
5170 [main] INFO com.naveenautomation.TestBase.TestBase  - Launching Chrome Browser
]]></system-out>
    <system-err><![CDATA[log4j:ERROR Could not read configuration file [log4j.properties].
java.io.FileNotFoundException: log4j.properties (The system cannot find the file specified)
	at java.base/java.io.FileInputStream.open0(Native Method)
	at java.base/java.io.FileInputStream.open(FileInputStream.java:219)
	at java.base/java.io.FileInputStream.<init>(FileInputStream.java:157)
	at java.base/java.io.FileInputStream.<init>(FileInputStream.java:112)
	at org.apache.log4j.PropertyConfigurator.doConfigure(PropertyConfigurator.java:372)
	at org.apache.log4j.PropertyConfigurator.configure(PropertyConfigurator.java:403)
	at com.naveenautomation.TestBase.TestBase.setupLogger(TestBase.java:52)
	at java.base/jdk.internal.reflect.NativeMethodAccessorImpl.invoke0(Native Method)
	at java.base/jdk.internal.reflect.NativeMethodAccessorImpl.invoke(NativeMethodAccessorImpl.java:62)
	at java.base/jdk.internal.reflect.DelegatingMethodAccessorImpl.invoke(DelegatingMethodAccessorImpl.java:43)
	at java.base/java.lang.reflect.Method.invoke(Method.java:566)
	at org.testng.internal.MethodInvocationHelper.invokeMethod(MethodInvocationHelper.java:85)
	at org.testng.internal.Invoker.invokeConfigurationMethod(Invoker.java:510)
	at org.testng.internal.Invoker.invokeConfigurations(Invoker.java:211)
	at org.testng.internal.Invoker.invokeConfigurations(Invoker.java:138)
	at org.testng.internal.TestMethodWorker.invokeBeforeClassMethods(TestMethodWorker.java:170)
	at org.testng.internal.TestMethodWorker.run(TestMethodWorker.java:104)
	at org.testng.TestRunner.privateRun(TestRunner.java:774)
	at org.testng.TestRunner.run(TestRunner.java:624)
	at org.testng.SuiteRunner.runTest(SuiteRunner.java:359)
	at org.testng.SuiteRunner.runSequentially(SuiteRunner.java:354)
	at org.testng.SuiteRunner.privateRun(SuiteRunner.java:312)
	at org.testng.SuiteRunner.run(SuiteRunner.java:261)
	at org.testng.SuiteRunnerWorker.runSuite(SuiteRunnerWorker.java:52)
	at org.testng.SuiteRunnerWorker.run(SuiteRunnerWorker.java:86)
	at org.testng.TestNG.runSuitesSequentially(TestNG.java:1191)
	at org.testng.TestNG.runSuitesLocally(TestNG.java:1116)
	at org.testng.TestNG.run(TestNG.java:1024)
	at org.apache.maven.surefire.testng.TestNGExecutor.run(TestNGExecutor.java:135)
	at org.apache.maven.surefire.testng.TestNGDirectoryTestSuite.executeMulti(TestNGDirectoryTestSuite.java:193)
	at org.apache.maven.surefire.testng.TestNGDirectoryTestSuite.execute(TestNGDirectoryTestSuite.java:94)
	at org.apache.maven.surefire.testng.TestNGProvider.invoke(TestNGProvider.java:146)
	at org.apache.maven.surefire.booter.ForkedBooter.invokeProviderInSameClassLoader(ForkedBooter.java:384)
	at org.apache.maven.surefire.booter.ForkedBooter.runSuitesInProcess(ForkedBooter.java:345)
	at org.apache.maven.surefire.booter.ForkedBooter.execute(ForkedBooter.java:126)
	at org.apache.maven.surefire.booter.ForkedBooter.main(ForkedBooter.java:418)
log4j:ERROR Ignoring configuration file [log4j.properties].
Starting ChromeDriver 114.0.5735.90 (386bc09e8f4f2e025eddae123f36f6263096ae49-refs/branch-heads/5735@{#1052}) on port 12011
Only local connections are allowed.
Please see https://chromedriver.chromium.org/security-considerations for suggestions on keeping ChromeDriver safe.
ChromeDriver was started successfully.
]]></system-err>
  </testcase>
  <testcase name="validateCheckout" classname="com.naveenautomation.tests.CheckoutPageTest" time="0">
    <skipped/>
  </testcase>
  <testcase name="launchBrowser" classname="com.naveenautomation.tests.ContactUsPageTest" time="1.815">
    <failure message="session not created: This version of ChromeDriver only supports Chrome version 114&#10;Current browser version is 122.0.6261.129 with binary path C:\Program Files (x86)\Google\Chrome\Application\chrome.exe&#10;Build info: version: &apos;3.141.59&apos;, revision: &apos;e82be7d358&apos;, time: &apos;2018-11-14T08:17:03&apos;&#10;System info: host: &apos;HP&apos;, ip: &apos;10.0.0.47&apos;, os.name: &apos;Windows 11&apos;, os.arch: &apos;amd64&apos;, os.version: &apos;10.0&apos;, java.version: &apos;11.0.16&apos;&#10;Driver info: driver.version: ChromeDriver&#10;remote stacktrace: Backtrace:&#10;	GetHandleVerifier [0x00A4A813+48355]&#10;	(No symbol) [0x009DC4B1]&#10;	(No symbol) [0x008E5358]&#10;	(No symbol) [0x009061AC]&#10;	(No symbol) [0x00901EF3]&#10;	(No symbol) [0x00900579]&#10;	(No symbol) [0x00930C55]&#10;	(No symbol) [0x0093093C]&#10;	(No symbol) [0x0092A536]&#10;	(No symbol) [0x009082DC]&#10;	(No symbol) [0x009093DD]&#10;	GetHandleVerifier [0x00CAAABD+2539405]&#10;	GetHandleVerifier [0x00CEA78F+2800735]&#10;	GetHandleVerifier [0x00CE456C+2775612]&#10;	GetHandleVerifier [0x00AD51E0+616112]&#10;	(No symbol) [0x009E5F8C]&#10;	(No symbol) [0x009E2328]&#10;	(No symbol) [0x009E240B]&#10;	(No symbol) [0x009D4FF7]&#10;	BaseThreadInitThunk [0x76C57BA9+25]&#10;	RtlInitializeExceptionChain [0x77C8BDAB+107]&#10;	RtlClearBits [0x77C8BD2F+191]&#10;" type="org.openqa.selenium.SessionNotCreatedException">org.openqa.selenium.SessionNotCreatedException: 
session not created: This version of ChromeDriver only supports Chrome version 114
Current browser version is 122.0.6261.129 with binary path C:\Program Files (x86)\Google\Chrome\Application\chrome.exe
Build info: version: '3.141.59', revision: 'e82be7d358', time: '2018-11-14T08:17:03'
System info: host: 'HP', ip: '10.0.0.47', os.name: 'Windows 11', os.arch: 'amd64', os.version: '10.0', java.version: '11.0.16'
Driver info: driver.version: ChromeDriver
remote stacktrace: Backtrace:
	GetHandleVerifier [0x00A4A813+48355]
	(No symbol) [0x009DC4B1]
	(No symbol) [0x008E5358]
	(No symbol) [0x009061AC]
	(No symbol) [0x00901EF3]
	(No symbol) [0x00900579]
	(No symbol) [0x00930C55]
	(No symbol) [0x0093093C]
	(No symbol) [0x0092A536]
	(No symbol) [0x009082DC]
	(No symbol) [0x009093DD]
	GetHandleVerifier [0x00CAAABD+2539405]
	GetHandleVerifier [0x00CEA78F+2800735]
	GetHandleVerifier [0x00CE456C+2775612]
	GetHandleVerifier [0x00AD51E0+616112]
	(No symbol) [0x009E5F8C]
	(No symbol) [0x009E2328]
	(No symbol) [0x009E240B]
	(No symbol) [0x009D4FF7]
	BaseThreadInitThunk [0x76C57BA9+25]
	RtlInitializeExceptionChain [0x77C8BDAB+107]
	RtlClearBits [0x77C8BD2F+191]

	at com.naveenautomation.tests.ContactUsPageTest.launchBrowser(ContactUsPageTest.java:20)
</failure>
    <system-out><![CDATA[6989 [main] INFO com.naveenautomation.TestBase.TestBase  - Launching Chrome Browser
6989 [main] INFO com.naveenautomation.TestBase.TestBase  - Launching Chrome Browser
6989 [main] INFO com.naveenautomation.TestBase.TestBase  - Launching Chrome Browser
6989 [main] INFO com.naveenautomation.TestBase.TestBase  - Launching Chrome Browser
]]></system-out>
    <system-err><![CDATA[log4j:ERROR Could not read configuration file [log4j.properties].
java.io.FileNotFoundException: log4j.properties (The system cannot find the file specified)
	at java.base/java.io.FileInputStream.open0(Native Method)
	at java.base/java.io.FileInputStream.open(FileInputStream.java:219)
	at java.base/java.io.FileInputStream.<init>(FileInputStream.java:157)
	at java.base/java.io.FileInputStream.<init>(FileInputStream.java:112)
	at org.apache.log4j.PropertyConfigurator.doConfigure(PropertyConfigurator.java:372)
	at org.apache.log4j.PropertyConfigurator.configure(PropertyConfigurator.java:403)
	at com.naveenautomation.TestBase.TestBase.setupLogger(TestBase.java:52)
	at java.base/jdk.internal.reflect.NativeMethodAccessorImpl.invoke0(Native Method)
	at java.base/jdk.internal.reflect.NativeMethodAccessorImpl.invoke(NativeMethodAccessorImpl.java:62)
	at java.base/jdk.internal.reflect.DelegatingMethodAccessorImpl.invoke(DelegatingMethodAccessorImpl.java:43)
	at java.base/java.lang.reflect.Method.invoke(Method.java:566)
	at org.testng.internal.MethodInvocationHelper.invokeMethod(MethodInvocationHelper.java:85)
	at org.testng.internal.Invoker.invokeConfigurationMethod(Invoker.java:510)
	at org.testng.internal.Invoker.invokeConfigurations(Invoker.java:211)
	at org.testng.internal.Invoker.invokeConfigurations(Invoker.java:138)
	at org.testng.internal.TestMethodWorker.invokeBeforeClassMethods(TestMethodWorker.java:170)
	at org.testng.internal.TestMethodWorker.run(TestMethodWorker.java:104)
	at org.testng.TestRunner.privateRun(TestRunner.java:774)
	at org.testng.TestRunner.run(TestRunner.java:624)
	at org.testng.SuiteRunner.runTest(SuiteRunner.java:359)
	at org.testng.SuiteRunner.runSequentially(SuiteRunner.java:354)
	at org.testng.SuiteRunner.privateRun(SuiteRunner.java:312)
	at org.testng.SuiteRunner.run(SuiteRunner.java:261)
	at org.testng.SuiteRunnerWorker.runSuite(SuiteRunnerWorker.java:52)
	at org.testng.SuiteRunnerWorker.run(SuiteRunnerWorker.java:86)
	at org.testng.TestNG.runSuitesSequentially(TestNG.java:1191)
	at org.testng.TestNG.runSuitesLocally(TestNG.java:1116)
	at org.testng.TestNG.run(TestNG.java:1024)
	at org.apache.maven.surefire.testng.TestNGExecutor.run(TestNGExecutor.java:135)
	at org.apache.maven.surefire.testng.TestNGDirectoryTestSuite.executeMulti(TestNGDirectoryTestSuite.java:193)
	at org.apache.maven.surefire.testng.TestNGDirectoryTestSuite.execute(TestNGDirectoryTestSuite.java:94)
	at org.apache.maven.surefire.testng.TestNGProvider.invoke(TestNGProvider.java:146)
	at org.apache.maven.surefire.booter.ForkedBooter.invokeProviderInSameClassLoader(ForkedBooter.java:384)
	at org.apache.maven.surefire.booter.ForkedBooter.runSuitesInProcess(ForkedBooter.java:345)
	at org.apache.maven.surefire.booter.ForkedBooter.execute(ForkedBooter.java:126)
	at org.apache.maven.surefire.booter.ForkedBooter.main(ForkedBooter.java:418)
log4j:ERROR Ignoring configuration file [log4j.properties].
Starting ChromeDriver 114.0.5735.90 (386bc09e8f4f2e025eddae123f36f6263096ae49-refs/branch-heads/5735@{#1052}) on port 57752
Only local connections are allowed.
Please see https://chromedriver.chromium.org/security-considerations for suggestions on keeping ChromeDriver safe.
ChromeDriver was started successfully.
]]></system-err>
  </testcase>
  <testcase name="validateContactUs" classname="com.naveenautomation.tests.ContactUsPageTest" time="0">
    <skipped/>
  </testcase>
  <testcase name="launchBrowser" classname="com.naveenautomation.tests.DownloadsPageTest" time="2.133">
    <failure message="session not created: This version of ChromeDriver only supports Chrome version 114&#10;Current browser version is 122.0.6261.129 with binary path C:\Program Files (x86)\Google\Chrome\Application\chrome.exe&#10;Build info: version: &apos;3.141.59&apos;, revision: &apos;e82be7d358&apos;, time: &apos;2018-11-14T08:17:03&apos;&#10;System info: host: &apos;HP&apos;, ip: &apos;10.0.0.47&apos;, os.name: &apos;Windows 11&apos;, os.arch: &apos;amd64&apos;, os.version: &apos;10.0&apos;, java.version: &apos;11.0.16&apos;&#10;Driver info: driver.version: ChromeDriver&#10;remote stacktrace: Backtrace:&#10;	GetHandleVerifier [0x00A4A813+48355]&#10;	(No symbol) [0x009DC4B1]&#10;	(No symbol) [0x008E5358]&#10;	(No symbol) [0x009061AC]&#10;	(No symbol) [0x00901EF3]&#10;	(No symbol) [0x00900579]&#10;	(No symbol) [0x00930C55]&#10;	(No symbol) [0x0093093C]&#10;	(No symbol) [0x0092A536]&#10;	(No symbol) [0x009082DC]&#10;	(No symbol) [0x009093DD]&#10;	GetHandleVerifier [0x00CAAABD+2539405]&#10;	GetHandleVerifier [0x00CEA78F+2800735]&#10;	GetHandleVerifier [0x00CE456C+2775612]&#10;	GetHandleVerifier [0x00AD51E0+616112]&#10;	(No symbol) [0x009E5F8C]&#10;	(No symbol) [0x009E2328]&#10;	(No symbol) [0x009E240B]&#10;	(No symbol) [0x009D4FF7]&#10;	BaseThreadInitThunk [0x76C57BA9+25]&#10;	RtlInitializeExceptionChain [0x77C8BDAB+107]&#10;	RtlClearBits [0x77C8BD2F+191]&#10;" type="org.openqa.selenium.SessionNotCreatedException">org.openqa.selenium.SessionNotCreatedException: 
session not created: This version of ChromeDriver only supports Chrome version 114
Current browser version is 122.0.6261.129 with binary path C:\Program Files (x86)\Google\Chrome\Application\chrome.exe
Build info: version: '3.141.59', revision: 'e82be7d358', time: '2018-11-14T08:17:03'
System info: host: 'HP', ip: '10.0.0.47', os.name: 'Windows 11', os.arch: 'amd64', os.version: '10.0', java.version: '11.0.16'
Driver info: driver.version: ChromeDriver
remote stacktrace: Backtrace:
	GetHandleVerifier [0x00A4A813+48355]
	(No symbol) [0x009DC4B1]
	(No symbol) [0x008E5358]
	(No symbol) [0x009061AC]
	(No symbol) [0x00901EF3]
	(No symbol) [0x00900579]
	(No symbol) [0x00930C55]
	(No symbol) [0x0093093C]
	(No symbol) [0x0092A536]
	(No symbol) [0x009082DC]
	(No symbol) [0x009093DD]
	GetHandleVerifier [0x00CAAABD+2539405]
	GetHandleVerifier [0x00CEA78F+2800735]
	GetHandleVerifier [0x00CE456C+2775612]
	GetHandleVerifier [0x00AD51E0+616112]
	(No symbol) [0x009E5F8C]
	(No symbol) [0x009E2328]
	(No symbol) [0x009E240B]
	(No symbol) [0x009D4FF7]
	BaseThreadInitThunk [0x76C57BA9+25]
	RtlInitializeExceptionChain [0x77C8BDAB+107]
	RtlClearBits [0x77C8BD2F+191]

	at com.naveenautomation.tests.DownloadsPageTest.launchBrowser(DownloadsPageTest.java:21)
</failure>
    <system-out><![CDATA[8826 [main] INFO com.naveenautomation.TestBase.TestBase  - Launching Chrome Browser
8826 [main] INFO com.naveenautomation.TestBase.TestBase  - Launching Chrome Browser
8826 [main] INFO com.naveenautomation.TestBase.TestBase  - Launching Chrome Browser
8826 [main] INFO com.naveenautomation.TestBase.TestBase  - Launching Chrome Browser
8826 [main] INFO com.naveenautomation.TestBase.TestBase  - Launching Chrome Browser
]]></system-out>
    <system-err><![CDATA[log4j:ERROR Could not read configuration file [log4j.properties].
java.io.FileNotFoundException: log4j.properties (The system cannot find the file specified)
	at java.base/java.io.FileInputStream.open0(Native Method)
	at java.base/java.io.FileInputStream.open(FileInputStream.java:219)
	at java.base/java.io.FileInputStream.<init>(FileInputStream.java:157)
	at java.base/java.io.FileInputStream.<init>(FileInputStream.java:112)
	at org.apache.log4j.PropertyConfigurator.doConfigure(PropertyConfigurator.java:372)
	at org.apache.log4j.PropertyConfigurator.configure(PropertyConfigurator.java:403)
	at com.naveenautomation.TestBase.TestBase.setupLogger(TestBase.java:52)
	at java.base/jdk.internal.reflect.NativeMethodAccessorImpl.invoke0(Native Method)
	at java.base/jdk.internal.reflect.NativeMethodAccessorImpl.invoke(NativeMethodAccessorImpl.java:62)
	at java.base/jdk.internal.reflect.DelegatingMethodAccessorImpl.invoke(DelegatingMethodAccessorImpl.java:43)
	at java.base/java.lang.reflect.Method.invoke(Method.java:566)
	at org.testng.internal.MethodInvocationHelper.invokeMethod(MethodInvocationHelper.java:85)
	at org.testng.internal.Invoker.invokeConfigurationMethod(Invoker.java:510)
	at org.testng.internal.Invoker.invokeConfigurations(Invoker.java:211)
	at org.testng.internal.Invoker.invokeConfigurations(Invoker.java:138)
	at org.testng.internal.TestMethodWorker.invokeBeforeClassMethods(TestMethodWorker.java:170)
	at org.testng.internal.TestMethodWorker.run(TestMethodWorker.java:104)
	at org.testng.TestRunner.privateRun(TestRunner.java:774)
	at org.testng.TestRunner.run(TestRunner.java:624)
	at org.testng.SuiteRunner.runTest(SuiteRunner.java:359)
	at org.testng.SuiteRunner.runSequentially(SuiteRunner.java:354)
	at org.testng.SuiteRunner.privateRun(SuiteRunner.java:312)
	at org.testng.SuiteRunner.run(SuiteRunner.java:261)
	at org.testng.SuiteRunnerWorker.runSuite(SuiteRunnerWorker.java:52)
	at org.testng.SuiteRunnerWorker.run(SuiteRunnerWorker.java:86)
	at org.testng.TestNG.runSuitesSequentially(TestNG.java:1191)
	at org.testng.TestNG.runSuitesLocally(TestNG.java:1116)
	at org.testng.TestNG.run(TestNG.java:1024)
	at org.apache.maven.surefire.testng.TestNGExecutor.run(TestNGExecutor.java:135)
	at org.apache.maven.surefire.testng.TestNGDirectoryTestSuite.executeMulti(TestNGDirectoryTestSuite.java:193)
	at org.apache.maven.surefire.testng.TestNGDirectoryTestSuite.execute(TestNGDirectoryTestSuite.java:94)
	at org.apache.maven.surefire.testng.TestNGProvider.invoke(TestNGProvider.java:146)
	at org.apache.maven.surefire.booter.ForkedBooter.invokeProviderInSameClassLoader(ForkedBooter.java:384)
	at org.apache.maven.surefire.booter.ForkedBooter.runSuitesInProcess(ForkedBooter.java:345)
	at org.apache.maven.surefire.booter.ForkedBooter.execute(ForkedBooter.java:126)
	at org.apache.maven.surefire.booter.ForkedBooter.main(ForkedBooter.java:418)
log4j:ERROR Ignoring configuration file [log4j.properties].
Starting ChromeDriver 114.0.5735.90 (386bc09e8f4f2e025eddae123f36f6263096ae49-refs/branch-heads/5735@{#1052}) on port 26854
Only local connections are allowed.
Please see https://chromedriver.chromium.org/security-considerations for suggestions on keeping ChromeDriver safe.
ChromeDriver was started successfully.
]]></system-err>
  </testcase>
  <testcase name="validateNewsletter" classname="com.naveenautomation.tests.DownloadsPageTest" time="0">
    <skipped/>
  </testcase>
  <testcase name="launchBrowser" classname="com.naveenautomation.tests.GiftCertificatePageTest" time="2.289">
    <failure message="session not created: This version of ChromeDriver only supports Chrome version 114&#10;Current browser version is 122.0.6261.129 with binary path C:\Program Files (x86)\Google\Chrome\Application\chrome.exe&#10;Build info: version: &apos;3.141.59&apos;, revision: &apos;e82be7d358&apos;, time: &apos;2018-11-14T08:17:03&apos;&#10;System info: host: &apos;HP&apos;, ip: &apos;10.0.0.47&apos;, os.name: &apos;Windows 11&apos;, os.arch: &apos;amd64&apos;, os.version: &apos;10.0&apos;, java.version: &apos;11.0.16&apos;&#10;Driver info: driver.version: ChromeDriver&#10;remote stacktrace: Backtrace:&#10;	GetHandleVerifier [0x00A4A813+48355]&#10;	(No symbol) [0x009DC4B1]&#10;	(No symbol) [0x008E5358]&#10;	(No symbol) [0x009061AC]&#10;	(No symbol) [0x00901EF3]&#10;	(No symbol) [0x00900579]&#10;	(No symbol) [0x00930C55]&#10;	(No symbol) [0x0093093C]&#10;	(No symbol) [0x0092A536]&#10;	(No symbol) [0x009082DC]&#10;	(No symbol) [0x009093DD]&#10;	GetHandleVerifier [0x00CAAABD+2539405]&#10;	GetHandleVerifier [0x00CEA78F+2800735]&#10;	GetHandleVerifier [0x00CE456C+2775612]&#10;	GetHandleVerifier [0x00AD51E0+616112]&#10;	(No symbol) [0x009E5F8C]&#10;	(No symbol) [0x009E2328]&#10;	(No symbol) [0x009E240B]&#10;	(No symbol) [0x009D4FF7]&#10;	BaseThreadInitThunk [0x76C57BA9+25]&#10;	RtlInitializeExceptionChain [0x77C8BDAB+107]&#10;	RtlClearBits [0x77C8BD2F+191]&#10;" type="org.openqa.selenium.SessionNotCreatedException">org.openqa.selenium.SessionNotCreatedException: 
session not created: This version of ChromeDriver only supports Chrome version 114
Current browser version is 122.0.6261.129 with binary path C:\Program Files (x86)\Google\Chrome\Application\chrome.exe
Build info: version: '3.141.59', revision: 'e82be7d358', time: '2018-11-14T08:17:03'
System info: host: 'HP', ip: '10.0.0.47', os.name: 'Windows 11', os.arch: 'amd64', os.version: '10.0', java.version: '11.0.16'
Driver info: driver.version: ChromeDriver
remote stacktrace: Backtrace:
	GetHandleVerifier [0x00A4A813+48355]
	(No symbol) [0x009DC4B1]
	(No symbol) [0x008E5358]
	(No symbol) [0x009061AC]
	(No symbol) [0x00901EF3]
	(No symbol) [0x00900579]
	(No symbol) [0x00930C55]
	(No symbol) [0x0093093C]
	(No symbol) [0x0092A536]
	(No symbol) [0x009082DC]
	(No symbol) [0x009093DD]
	GetHandleVerifier [0x00CAAABD+2539405]
	GetHandleVerifier [0x00CEA78F+2800735]
	GetHandleVerifier [0x00CE456C+2775612]
	GetHandleVerifier [0x00AD51E0+616112]
	(No symbol) [0x009E5F8C]
	(No symbol) [0x009E2328]
	(No symbol) [0x009E240B]
	(No symbol) [0x009D4FF7]
	BaseThreadInitThunk [0x76C57BA9+25]
	RtlInitializeExceptionChain [0x77C8BDAB+107]
	RtlClearBits [0x77C8BD2F+191]

	at com.naveenautomation.tests.GiftCertificatePageTest.launchBrowser(GiftCertificatePageTest.java:21)
</failure>
    <system-out><![CDATA[10934 [main] INFO com.naveenautomation.TestBase.TestBase  - Launching Chrome Browser
10934 [main] INFO com.naveenautomation.TestBase.TestBase  - Launching Chrome Browser
10934 [main] INFO com.naveenautomation.TestBase.TestBase  - Launching Chrome Browser
10934 [main] INFO com.naveenautomation.TestBase.TestBase  - Launching Chrome Browser
10934 [main] INFO com.naveenautomation.TestBase.TestBase  - Launching Chrome Browser
10934 [main] INFO com.naveenautomation.TestBase.TestBase  - Launching Chrome Browser
]]></system-out>
    <system-err><![CDATA[log4j:ERROR Could not read configuration file [log4j.properties].
java.io.FileNotFoundException: log4j.properties (The system cannot find the file specified)
	at java.base/java.io.FileInputStream.open0(Native Method)
	at java.base/java.io.FileInputStream.open(FileInputStream.java:219)
	at java.base/java.io.FileInputStream.<init>(FileInputStream.java:157)
	at java.base/java.io.FileInputStream.<init>(FileInputStream.java:112)
	at org.apache.log4j.PropertyConfigurator.doConfigure(PropertyConfigurator.java:372)
	at org.apache.log4j.PropertyConfigurator.configure(PropertyConfigurator.java:403)
	at com.naveenautomation.TestBase.TestBase.setupLogger(TestBase.java:52)
	at java.base/jdk.internal.reflect.NativeMethodAccessorImpl.invoke0(Native Method)
	at java.base/jdk.internal.reflect.NativeMethodAccessorImpl.invoke(NativeMethodAccessorImpl.java:62)
	at java.base/jdk.internal.reflect.DelegatingMethodAccessorImpl.invoke(DelegatingMethodAccessorImpl.java:43)
	at java.base/java.lang.reflect.Method.invoke(Method.java:566)
	at org.testng.internal.MethodInvocationHelper.invokeMethod(MethodInvocationHelper.java:85)
	at org.testng.internal.Invoker.invokeConfigurationMethod(Invoker.java:510)
	at org.testng.internal.Invoker.invokeConfigurations(Invoker.java:211)
	at org.testng.internal.Invoker.invokeConfigurations(Invoker.java:138)
	at org.testng.internal.TestMethodWorker.invokeBeforeClassMethods(TestMethodWorker.java:170)
	at org.testng.internal.TestMethodWorker.run(TestMethodWorker.java:104)
	at org.testng.TestRunner.privateRun(TestRunner.java:774)
	at org.testng.TestRunner.run(TestRunner.java:624)
	at org.testng.SuiteRunner.runTest(SuiteRunner.java:359)
	at org.testng.SuiteRunner.runSequentially(SuiteRunner.java:354)
	at org.testng.SuiteRunner.privateRun(SuiteRunner.java:312)
	at org.testng.SuiteRunner.run(SuiteRunner.java:261)
	at org.testng.SuiteRunnerWorker.runSuite(SuiteRunnerWorker.java:52)
	at org.testng.SuiteRunnerWorker.run(SuiteRunnerWorker.java:86)
	at org.testng.TestNG.runSuitesSequentially(TestNG.java:1191)
	at org.testng.TestNG.runSuitesLocally(TestNG.java:1116)
	at org.testng.TestNG.run(TestNG.java:1024)
	at org.apache.maven.surefire.testng.TestNGExecutor.run(TestNGExecutor.java:135)
	at org.apache.maven.surefire.testng.TestNGDirectoryTestSuite.executeMulti(TestNGDirectoryTestSuite.java:193)
	at org.apache.maven.surefire.testng.TestNGDirectoryTestSuite.execute(TestNGDirectoryTestSuite.java:94)
	at org.apache.maven.surefire.testng.TestNGProvider.invoke(TestNGProvider.java:146)
	at org.apache.maven.surefire.booter.ForkedBooter.invokeProviderInSameClassLoader(ForkedBooter.java:384)
	at org.apache.maven.surefire.booter.ForkedBooter.runSuitesInProcess(ForkedBooter.java:345)
	at org.apache.maven.surefire.booter.ForkedBooter.execute(ForkedBooter.java:126)
	at org.apache.maven.surefire.booter.ForkedBooter.main(ForkedBooter.java:418)
log4j:ERROR Ignoring configuration file [log4j.properties].
Starting ChromeDriver 114.0.5735.90 (386bc09e8f4f2e025eddae123f36f6263096ae49-refs/branch-heads/5735@{#1052}) on port 30452
Only local connections are allowed.
Please see https://chromedriver.chromium.org/security-considerations for suggestions on keeping ChromeDriver safe.
ChromeDriver was started successfully.
]]></system-err>
  </testcase>
  <testcase name="validateGiftCertificate" classname="com.naveenautomation.tests.GiftCertificatePageTest" time="0">
    <skipped/>
  </testcase>
  <testcase name="launchBrowser" classname="com.naveenautomation.tests.MyAccountPageTest" time="2.025">
    <failure message="session not created: This version of ChromeDriver only supports Chrome version 114&#10;Current browser version is 122.0.6261.129 with binary path C:\Program Files (x86)\Google\Chrome\Application\chrome.exe&#10;Build info: version: &apos;3.141.59&apos;, revision: &apos;e82be7d358&apos;, time: &apos;2018-11-14T08:17:03&apos;&#10;System info: host: &apos;HP&apos;, ip: &apos;10.0.0.47&apos;, os.name: &apos;Windows 11&apos;, os.arch: &apos;amd64&apos;, os.version: &apos;10.0&apos;, java.version: &apos;11.0.16&apos;&#10;Driver info: driver.version: ChromeDriver&#10;remote stacktrace: Backtrace:&#10;	GetHandleVerifier [0x00A4A813+48355]&#10;	(No symbol) [0x009DC4B1]&#10;	(No symbol) [0x008E5358]&#10;	(No symbol) [0x009061AC]&#10;	(No symbol) [0x00901EF3]&#10;	(No symbol) [0x00900579]&#10;	(No symbol) [0x00930C55]&#10;	(No symbol) [0x0093093C]&#10;	(No symbol) [0x0092A536]&#10;	(No symbol) [0x009082DC]&#10;	(No symbol) [0x009093DD]&#10;	GetHandleVerifier [0x00CAAABD+2539405]&#10;	GetHandleVerifier [0x00CEA78F+2800735]&#10;	GetHandleVerifier [0x00CE456C+2775612]&#10;	GetHandleVerifier [0x00AD51E0+616112]&#10;	(No symbol) [0x009E5F8C]&#10;	(No symbol) [0x009E2328]&#10;	(No symbol) [0x009E240B]&#10;	(No symbol) [0x009D4FF7]&#10;	BaseThreadInitThunk [0x76C57BA9+25]&#10;	RtlInitializeExceptionChain [0x77C8BDAB+107]&#10;	RtlClearBits [0x77C8BD2F+191]&#10;" type="org.openqa.selenium.SessionNotCreatedException">org.openqa.selenium.SessionNotCreatedException: 
session not created: This version of ChromeDriver only supports Chrome version 114
Current browser version is 122.0.6261.129 with binary path C:\Program Files (x86)\Google\Chrome\Application\chrome.exe
Build info: version: '3.141.59', revision: 'e82be7d358', time: '2018-11-14T08:17:03'
System info: host: 'HP', ip: '10.0.0.47', os.name: 'Windows 11', os.arch: 'amd64', os.version: '10.0', java.version: '11.0.16'
Driver info: driver.version: ChromeDriver
remote stacktrace: Backtrace:
	GetHandleVerifier [0x00A4A813+48355]
	(No symbol) [0x009DC4B1]
	(No symbol) [0x008E5358]
	(No symbol) [0x009061AC]
	(No symbol) [0x00901EF3]
	(No symbol) [0x00900579]
	(No symbol) [0x00930C55]
	(No symbol) [0x0093093C]
	(No symbol) [0x0092A536]
	(No symbol) [0x009082DC]
	(No symbol) [0x009093DD]
	GetHandleVerifier [0x00CAAABD+2539405]
	GetHandleVerifier [0x00CEA78F+2800735]
	GetHandleVerifier [0x00CE456C+2775612]
	GetHandleVerifier [0x00AD51E0+616112]
	(No symbol) [0x009E5F8C]
	(No symbol) [0x009E2328]
	(No symbol) [0x009E240B]
	(No symbol) [0x009D4FF7]
	BaseThreadInitThunk [0x76C57BA9+25]
	RtlInitializeExceptionChain [0x77C8BDAB+107]
	RtlClearBits [0x77C8BD2F+191]

	at com.naveenautomation.tests.MyAccountPageTest.launchBrowser(MyAccountPageTest.java:21)
</failure>
    <system-out><![CDATA[13237 [main] INFO com.naveenautomation.TestBase.TestBase  - Launching Chrome Browser
13237 [main] INFO com.naveenautomation.TestBase.TestBase  - Launching Chrome Browser
13237 [main] INFO com.naveenautomation.TestBase.TestBase  - Launching Chrome Browser
13237 [main] INFO com.naveenautomation.TestBase.TestBase  - Launching Chrome Browser
13237 [main] INFO com.naveenautomation.TestBase.TestBase  - Launching Chrome Browser
13237 [main] INFO com.naveenautomation.TestBase.TestBase  - Launching Chrome Browser
13237 [main] INFO com.naveenautomation.TestBase.TestBase  - Launching Chrome Browser
]]></system-out>
    <system-err><![CDATA[log4j:ERROR Could not read configuration file [log4j.properties].
java.io.FileNotFoundException: log4j.properties (The system cannot find the file specified)
	at java.base/java.io.FileInputStream.open0(Native Method)
	at java.base/java.io.FileInputStream.open(FileInputStream.java:219)
	at java.base/java.io.FileInputStream.<init>(FileInputStream.java:157)
	at java.base/java.io.FileInputStream.<init>(FileInputStream.java:112)
	at org.apache.log4j.PropertyConfigurator.doConfigure(PropertyConfigurator.java:372)
	at org.apache.log4j.PropertyConfigurator.configure(PropertyConfigurator.java:403)
	at com.naveenautomation.TestBase.TestBase.setupLogger(TestBase.java:52)
	at java.base/jdk.internal.reflect.NativeMethodAccessorImpl.invoke0(Native Method)
	at java.base/jdk.internal.reflect.NativeMethodAccessorImpl.invoke(NativeMethodAccessorImpl.java:62)
	at java.base/jdk.internal.reflect.DelegatingMethodAccessorImpl.invoke(DelegatingMethodAccessorImpl.java:43)
	at java.base/java.lang.reflect.Method.invoke(Method.java:566)
	at org.testng.internal.MethodInvocationHelper.invokeMethod(MethodInvocationHelper.java:85)
	at org.testng.internal.Invoker.invokeConfigurationMethod(Invoker.java:510)
	at org.testng.internal.Invoker.invokeConfigurations(Invoker.java:211)
	at org.testng.internal.Invoker.invokeConfigurations(Invoker.java:138)
	at org.testng.internal.TestMethodWorker.invokeBeforeClassMethods(TestMethodWorker.java:170)
	at org.testng.internal.TestMethodWorker.run(TestMethodWorker.java:104)
	at org.testng.TestRunner.privateRun(TestRunner.java:774)
	at org.testng.TestRunner.run(TestRunner.java:624)
	at org.testng.SuiteRunner.runTest(SuiteRunner.java:359)
	at org.testng.SuiteRunner.runSequentially(SuiteRunner.java:354)
	at org.testng.SuiteRunner.privateRun(SuiteRunner.java:312)
	at org.testng.SuiteRunner.run(SuiteRunner.java:261)
	at org.testng.SuiteRunnerWorker.runSuite(SuiteRunnerWorker.java:52)
	at org.testng.SuiteRunnerWorker.run(SuiteRunnerWorker.java:86)
	at org.testng.TestNG.runSuitesSequentially(TestNG.java:1191)
	at org.testng.TestNG.runSuitesLocally(TestNG.java:1116)
	at org.testng.TestNG.run(TestNG.java:1024)
	at org.apache.maven.surefire.testng.TestNGExecutor.run(TestNGExecutor.java:135)
	at org.apache.maven.surefire.testng.TestNGDirectoryTestSuite.executeMulti(TestNGDirectoryTestSuite.java:193)
	at org.apache.maven.surefire.testng.TestNGDirectoryTestSuite.execute(TestNGDirectoryTestSuite.java:94)
	at org.apache.maven.surefire.testng.TestNGProvider.invoke(TestNGProvider.java:146)
	at org.apache.maven.surefire.booter.ForkedBooter.invokeProviderInSameClassLoader(ForkedBooter.java:384)
	at org.apache.maven.surefire.booter.ForkedBooter.runSuitesInProcess(ForkedBooter.java:345)
	at org.apache.maven.surefire.booter.ForkedBooter.execute(ForkedBooter.java:126)
	at org.apache.maven.surefire.booter.ForkedBooter.main(ForkedBooter.java:418)
log4j:ERROR Ignoring configuration file [log4j.properties].
Starting ChromeDriver 114.0.5735.90 (386bc09e8f4f2e025eddae123f36f6263096ae49-refs/branch-heads/5735@{#1052}) on port 60252
Only local connections are allowed.
Please see https://chromedriver.chromium.org/security-considerations for suggestions on keeping ChromeDriver safe.
ChromeDriver was started successfully.
]]></system-err>
  </testcase>
  <testcase name="launchBrowser" classname="com.naveenautomation.tests.MyAccountPageTest" time="0">
    <skipped/>
  </testcase>
  <testcase name="launchBrowser" classname="com.naveenautomation.tests.MyAccountPageTest" time="0">
    <skipped/>
  </testcase>
  <testcase name="validateAdditionToWishlist" classname="com.naveenautomation.tests.MyAccountPageTest" time="0">
    <skipped/>
  </testcase>
  <testcase name="validateNewsletter" classname="com.naveenautomation.tests.MyAccountPageTest" time="0">
    <skipped/>
  </testcase>
  <testcase name="validatePasswordChange" classname="com.naveenautomation.tests.MyAccountPageTest" time="0">
    <skipped/>
  </testcase>
  <testcase name="launchBrowser" classname="com.naveenautomation.tests.OrderHistoryPageTest" time="2.182">
    <failure message="session not created: This version of ChromeDriver only supports Chrome version 114&#10;Current browser version is 122.0.6261.129 with binary path C:\Program Files (x86)\Google\Chrome\Application\chrome.exe&#10;Build info: version: &apos;3.141.59&apos;, revision: &apos;e82be7d358&apos;, time: &apos;2018-11-14T08:17:03&apos;&#10;System info: host: &apos;HP&apos;, ip: &apos;10.0.0.47&apos;, os.name: &apos;Windows 11&apos;, os.arch: &apos;amd64&apos;, os.version: &apos;10.0&apos;, java.version: &apos;11.0.16&apos;&#10;Driver info: driver.version: ChromeDriver&#10;remote stacktrace: Backtrace:&#10;	GetHandleVerifier [0x00A4A813+48355]&#10;	(No symbol) [0x009DC4B1]&#10;	(No symbol) [0x008E5358]&#10;	(No symbol) [0x009061AC]&#10;	(No symbol) [0x00901EF3]&#10;	(No symbol) [0x00900579]&#10;	(No symbol) [0x00930C55]&#10;	(No symbol) [0x0093093C]&#10;	(No symbol) [0x0092A536]&#10;	(No symbol) [0x009082DC]&#10;	(No symbol) [0x009093DD]&#10;	GetHandleVerifier [0x00CAAABD+2539405]&#10;	GetHandleVerifier [0x00CEA78F+2800735]&#10;	GetHandleVerifier [0x00CE456C+2775612]&#10;	GetHandleVerifier [0x00AD51E0+616112]&#10;	(No symbol) [0x009E5F8C]&#10;	(No symbol) [0x009E2328]&#10;	(No symbol) [0x009E240B]&#10;	(No symbol) [0x009D4FF7]&#10;	BaseThreadInitThunk [0x76C57BA9+25]&#10;	RtlInitializeExceptionChain [0x77C8BDAB+107]&#10;	RtlClearBits [0x77C8BD2F+191]&#10;" type="org.openqa.selenium.SessionNotCreatedException">org.openqa.selenium.SessionNotCreatedException: 
session not created: This version of ChromeDriver only supports Chrome version 114
Current browser version is 122.0.6261.129 with binary path C:\Program Files (x86)\Google\Chrome\Application\chrome.exe
Build info: version: '3.141.59', revision: 'e82be7d358', time: '2018-11-14T08:17:03'
System info: host: 'HP', ip: '10.0.0.47', os.name: 'Windows 11', os.arch: 'amd64', os.version: '10.0', java.version: '11.0.16'
Driver info: driver.version: ChromeDriver
remote stacktrace: Backtrace:
	GetHandleVerifier [0x00A4A813+48355]
	(No symbol) [0x009DC4B1]
	(No symbol) [0x008E5358]
	(No symbol) [0x009061AC]
	(No symbol) [0x00901EF3]
	(No symbol) [0x00900579]
	(No symbol) [0x00930C55]
	(No symbol) [0x0093093C]
	(No symbol) [0x0092A536]
	(No symbol) [0x009082DC]
	(No symbol) [0x009093DD]
	GetHandleVerifier [0x00CAAABD+2539405]
	GetHandleVerifier [0x00CEA78F+2800735]
	GetHandleVerifier [0x00CE456C+2775612]
	GetHandleVerifier [0x00AD51E0+616112]
	(No symbol) [0x009E5F8C]
	(No symbol) [0x009E2328]
	(No symbol) [0x009E240B]
	(No symbol) [0x009D4FF7]
	BaseThreadInitThunk [0x76C57BA9+25]
	RtlInitializeExceptionChain [0x77C8BDAB+107]
	RtlClearBits [0x77C8BD2F+191]

	at com.naveenautomation.tests.OrderHistoryPageTest.launchBrowser(OrderHistoryPageTest.java:21)
</failure>
    <system-out><![CDATA[15237 [main] INFO com.naveenautomation.TestBase.TestBase  - Launching Chrome Browser
15237 [main] INFO com.naveenautomation.TestBase.TestBase  - Launching Chrome Browser
15237 [main] INFO com.naveenautomation.TestBase.TestBase  - Launching Chrome Browser
15237 [main] INFO com.naveenautomation.TestBase.TestBase  - Launching Chrome Browser
15237 [main] INFO com.naveenautomation.TestBase.TestBase  - Launching Chrome Browser
15237 [main] INFO com.naveenautomation.TestBase.TestBase  - Launching Chrome Browser
15237 [main] INFO com.naveenautomation.TestBase.TestBase  - Launching Chrome Browser
15237 [main] INFO com.naveenautomation.TestBase.TestBase  - Launching Chrome Browser
]]></system-out>
    <system-err><![CDATA[log4j:ERROR Could not read configuration file [log4j.properties].
java.io.FileNotFoundException: log4j.properties (The system cannot find the file specified)
	at java.base/java.io.FileInputStream.open0(Native Method)
	at java.base/java.io.FileInputStream.open(FileInputStream.java:219)
	at java.base/java.io.FileInputStream.<init>(FileInputStream.java:157)
	at java.base/java.io.FileInputStream.<init>(FileInputStream.java:112)
	at org.apache.log4j.PropertyConfigurator.doConfigure(PropertyConfigurator.java:372)
	at org.apache.log4j.PropertyConfigurator.configure(PropertyConfigurator.java:403)
	at com.naveenautomation.TestBase.TestBase.setupLogger(TestBase.java:52)
	at java.base/jdk.internal.reflect.NativeMethodAccessorImpl.invoke0(Native Method)
	at java.base/jdk.internal.reflect.NativeMethodAccessorImpl.invoke(NativeMethodAccessorImpl.java:62)
	at java.base/jdk.internal.reflect.DelegatingMethodAccessorImpl.invoke(DelegatingMethodAccessorImpl.java:43)
	at java.base/java.lang.reflect.Method.invoke(Method.java:566)
	at org.testng.internal.MethodInvocationHelper.invokeMethod(MethodInvocationHelper.java:85)
	at org.testng.internal.Invoker.invokeConfigurationMethod(Invoker.java:510)
	at org.testng.internal.Invoker.invokeConfigurations(Invoker.java:211)
	at org.testng.internal.Invoker.invokeConfigurations(Invoker.java:138)
	at org.testng.internal.TestMethodWorker.invokeBeforeClassMethods(TestMethodWorker.java:170)
	at org.testng.internal.TestMethodWorker.run(TestMethodWorker.java:104)
	at org.testng.TestRunner.privateRun(TestRunner.java:774)
	at org.testng.TestRunner.run(TestRunner.java:624)
	at org.testng.SuiteRunner.runTest(SuiteRunner.java:359)
	at org.testng.SuiteRunner.runSequentially(SuiteRunner.java:354)
	at org.testng.SuiteRunner.privateRun(SuiteRunner.java:312)
	at org.testng.SuiteRunner.run(SuiteRunner.java:261)
	at org.testng.SuiteRunnerWorker.runSuite(SuiteRunnerWorker.java:52)
	at org.testng.SuiteRunnerWorker.run(SuiteRunnerWorker.java:86)
	at org.testng.TestNG.runSuitesSequentially(TestNG.java:1191)
	at org.testng.TestNG.runSuitesLocally(TestNG.java:1116)
	at org.testng.TestNG.run(TestNG.java:1024)
	at org.apache.maven.surefire.testng.TestNGExecutor.run(TestNGExecutor.java:135)
	at org.apache.maven.surefire.testng.TestNGDirectoryTestSuite.executeMulti(TestNGDirectoryTestSuite.java:193)
	at org.apache.maven.surefire.testng.TestNGDirectoryTestSuite.execute(TestNGDirectoryTestSuite.java:94)
	at org.apache.maven.surefire.testng.TestNGProvider.invoke(TestNGProvider.java:146)
	at org.apache.maven.surefire.booter.ForkedBooter.invokeProviderInSameClassLoader(ForkedBooter.java:384)
	at org.apache.maven.surefire.booter.ForkedBooter.runSuitesInProcess(ForkedBooter.java:345)
	at org.apache.maven.surefire.booter.ForkedBooter.execute(ForkedBooter.java:126)
	at org.apache.maven.surefire.booter.ForkedBooter.main(ForkedBooter.java:418)
log4j:ERROR Ignoring configuration file [log4j.properties].
Starting ChromeDriver 114.0.5735.90 (386bc09e8f4f2e025eddae123f36f6263096ae49-refs/branch-heads/5735@{#1052}) on port 9145
Only local connections are allowed.
Please see https://chromedriver.chromium.org/security-considerations for suggestions on keeping ChromeDriver safe.
ChromeDriver was started successfully.
]]></system-err>
  </testcase>
  <testcase name="validateAdditionToWishlist" classname="com.naveenautomation.tests.OrderHistoryPageTest" time="0">
    <skipped/>
  </testcase>
  <testcase name="launchBrowser" classname="com.naveenautomation.tests.ReturnRequestTest" time="1.931">
    <failure message="session not created: This version of ChromeDriver only supports Chrome version 114&#10;Current browser version is 122.0.6261.129 with binary path C:\Program Files (x86)\Google\Chrome\Application\chrome.exe&#10;Build info: version: &apos;3.141.59&apos;, revision: &apos;e82be7d358&apos;, time: &apos;2018-11-14T08:17:03&apos;&#10;System info: host: &apos;HP&apos;, ip: &apos;10.0.0.47&apos;, os.name: &apos;Windows 11&apos;, os.arch: &apos;amd64&apos;, os.version: &apos;10.0&apos;, java.version: &apos;11.0.16&apos;&#10;Driver info: driver.version: ChromeDriver&#10;remote stacktrace: Backtrace:&#10;	GetHandleVerifier [0x00A4A813+48355]&#10;	(No symbol) [0x009DC4B1]&#10;	(No symbol) [0x008E5358]&#10;	(No symbol) [0x009061AC]&#10;	(No symbol) [0x00901EF3]&#10;	(No symbol) [0x00900579]&#10;	(No symbol) [0x00930C55]&#10;	(No symbol) [0x0093093C]&#10;	(No symbol) [0x0092A536]&#10;	(No symbol) [0x009082DC]&#10;	(No symbol) [0x009093DD]&#10;	GetHandleVerifier [0x00CAAABD+2539405]&#10;	GetHandleVerifier [0x00CEA78F+2800735]&#10;	GetHandleVerifier [0x00CE456C+2775612]&#10;	GetHandleVerifier [0x00AD51E0+616112]&#10;	(No symbol) [0x009E5F8C]&#10;	(No symbol) [0x009E2328]&#10;	(No symbol) [0x009E240B]&#10;	(No symbol) [0x009D4FF7]&#10;	BaseThreadInitThunk [0x76C57BA9+25]&#10;	RtlInitializeExceptionChain [0x77C8BDAB+107]&#10;	RtlClearBits [0x77C8BD2F+191]&#10;" type="org.openqa.selenium.SessionNotCreatedException">org.openqa.selenium.SessionNotCreatedException: 
session not created: This version of ChromeDriver only supports Chrome version 114
Current browser version is 122.0.6261.129 with binary path C:\Program Files (x86)\Google\Chrome\Application\chrome.exe
Build info: version: '3.141.59', revision: 'e82be7d358', time: '2018-11-14T08:17:03'
System info: host: 'HP', ip: '10.0.0.47', os.name: 'Windows 11', os.arch: 'amd64', os.version: '10.0', java.version: '11.0.16'
Driver info: driver.version: ChromeDriver
remote stacktrace: Backtrace:
	GetHandleVerifier [0x00A4A813+48355]
	(No symbol) [0x009DC4B1]
	(No symbol) [0x008E5358]
	(No symbol) [0x009061AC]
	(No symbol) [0x00901EF3]
	(No symbol) [0x00900579]
	(No symbol) [0x00930C55]
	(No symbol) [0x0093093C]
	(No symbol) [0x0092A536]
	(No symbol) [0x009082DC]
	(No symbol) [0x009093DD]
	GetHandleVerifier [0x00CAAABD+2539405]
	GetHandleVerifier [0x00CEA78F+2800735]
	GetHandleVerifier [0x00CE456C+2775612]
	GetHandleVerifier [0x00AD51E0+616112]
	(No symbol) [0x009E5F8C]
	(No symbol) [0x009E2328]
	(No symbol) [0x009E240B]
	(No symbol) [0x009D4FF7]
	BaseThreadInitThunk [0x76C57BA9+25]
	RtlInitializeExceptionChain [0x77C8BDAB+107]
	RtlClearBits [0x77C8BD2F+191]

	at com.naveenautomation.tests.ReturnRequestTest.launchBrowser(ReturnRequestTest.java:21)
</failure>
    <system-out><![CDATA[17415 [main] INFO com.naveenautomation.TestBase.TestBase  - Launching Chrome Browser
17415 [main] INFO com.naveenautomation.TestBase.TestBase  - Launching Chrome Browser
17415 [main] INFO com.naveenautomation.TestBase.TestBase  - Launching Chrome Browser
17415 [main] INFO com.naveenautomation.TestBase.TestBase  - Launching Chrome Browser
17415 [main] INFO com.naveenautomation.TestBase.TestBase  - Launching Chrome Browser
17415 [main] INFO com.naveenautomation.TestBase.TestBase  - Launching Chrome Browser
17415 [main] INFO com.naveenautomation.TestBase.TestBase  - Launching Chrome Browser
17415 [main] INFO com.naveenautomation.TestBase.TestBase  - Launching Chrome Browser
17415 [main] INFO com.naveenautomation.TestBase.TestBase  - Launching Chrome Browser
]]></system-out>
    <system-err><![CDATA[log4j:ERROR Could not read configuration file [log4j.properties].
java.io.FileNotFoundException: log4j.properties (The system cannot find the file specified)
	at java.base/java.io.FileInputStream.open0(Native Method)
	at java.base/java.io.FileInputStream.open(FileInputStream.java:219)
	at java.base/java.io.FileInputStream.<init>(FileInputStream.java:157)
	at java.base/java.io.FileInputStream.<init>(FileInputStream.java:112)
	at org.apache.log4j.PropertyConfigurator.doConfigure(PropertyConfigurator.java:372)
	at org.apache.log4j.PropertyConfigurator.configure(PropertyConfigurator.java:403)
	at com.naveenautomation.TestBase.TestBase.setupLogger(TestBase.java:52)
	at java.base/jdk.internal.reflect.NativeMethodAccessorImpl.invoke0(Native Method)
	at java.base/jdk.internal.reflect.NativeMethodAccessorImpl.invoke(NativeMethodAccessorImpl.java:62)
	at java.base/jdk.internal.reflect.DelegatingMethodAccessorImpl.invoke(DelegatingMethodAccessorImpl.java:43)
	at java.base/java.lang.reflect.Method.invoke(Method.java:566)
	at org.testng.internal.MethodInvocationHelper.invokeMethod(MethodInvocationHelper.java:85)
	at org.testng.internal.Invoker.invokeConfigurationMethod(Invoker.java:510)
	at org.testng.internal.Invoker.invokeConfigurations(Invoker.java:211)
	at org.testng.internal.Invoker.invokeConfigurations(Invoker.java:138)
	at org.testng.internal.TestMethodWorker.invokeBeforeClassMethods(TestMethodWorker.java:170)
	at org.testng.internal.TestMethodWorker.run(TestMethodWorker.java:104)
	at org.testng.TestRunner.privateRun(TestRunner.java:774)
	at org.testng.TestRunner.run(TestRunner.java:624)
	at org.testng.SuiteRunner.runTest(SuiteRunner.java:359)
	at org.testng.SuiteRunner.runSequentially(SuiteRunner.java:354)
	at org.testng.SuiteRunner.privateRun(SuiteRunner.java:312)
	at org.testng.SuiteRunner.run(SuiteRunner.java:261)
	at org.testng.SuiteRunnerWorker.runSuite(SuiteRunnerWorker.java:52)
	at org.testng.SuiteRunnerWorker.run(SuiteRunnerWorker.java:86)
	at org.testng.TestNG.runSuitesSequentially(TestNG.java:1191)
	at org.testng.TestNG.runSuitesLocally(TestNG.java:1116)
	at org.testng.TestNG.run(TestNG.java:1024)
	at org.apache.maven.surefire.testng.TestNGExecutor.run(TestNGExecutor.java:135)
	at org.apache.maven.surefire.testng.TestNGDirectoryTestSuite.executeMulti(TestNGDirectoryTestSuite.java:193)
	at org.apache.maven.surefire.testng.TestNGDirectoryTestSuite.execute(TestNGDirectoryTestSuite.java:94)
	at org.apache.maven.surefire.testng.TestNGProvider.invoke(TestNGProvider.java:146)
	at org.apache.maven.surefire.booter.ForkedBooter.invokeProviderInSameClassLoader(ForkedBooter.java:384)
	at org.apache.maven.surefire.booter.ForkedBooter.runSuitesInProcess(ForkedBooter.java:345)
	at org.apache.maven.surefire.booter.ForkedBooter.execute(ForkedBooter.java:126)
	at org.apache.maven.surefire.booter.ForkedBooter.main(ForkedBooter.java:418)
log4j:ERROR Ignoring configuration file [log4j.properties].
Starting ChromeDriver 114.0.5735.90 (386bc09e8f4f2e025eddae123f36f6263096ae49-refs/branch-heads/5735@{#1052}) on port 34788
Only local connections are allowed.
Please see https://chromedriver.chromium.org/security-considerations for suggestions on keeping ChromeDriver safe.
ChromeDriver was started successfully.
]]></system-err>
  </testcase>
  <testcase name="validateRewardPoints" classname="com.naveenautomation.tests.ReturnRequestTest" time="0">
    <skipped/>
  </testcase>
  <testcase name="launchBrowser" classname="com.naveenautomation.tests.RewardPointsPageTest" time="1.937">
    <failure message="session not created: This version of ChromeDriver only supports Chrome version 114&#10;Current browser version is 122.0.6261.129 with binary path C:\Program Files (x86)\Google\Chrome\Application\chrome.exe&#10;Build info: version: &apos;3.141.59&apos;, revision: &apos;e82be7d358&apos;, time: &apos;2018-11-14T08:17:03&apos;&#10;System info: host: &apos;HP&apos;, ip: &apos;10.0.0.47&apos;, os.name: &apos;Windows 11&apos;, os.arch: &apos;amd64&apos;, os.version: &apos;10.0&apos;, java.version: &apos;11.0.16&apos;&#10;Driver info: driver.version: ChromeDriver&#10;remote stacktrace: Backtrace:&#10;	GetHandleVerifier [0x00A4A813+48355]&#10;	(No symbol) [0x009DC4B1]&#10;	(No symbol) [0x008E5358]&#10;	(No symbol) [0x009061AC]&#10;	(No symbol) [0x00901EF3]&#10;	(No symbol) [0x00900579]&#10;	(No symbol) [0x00930C55]&#10;	(No symbol) [0x0093093C]&#10;	(No symbol) [0x0092A536]&#10;	(No symbol) [0x009082DC]&#10;	(No symbol) [0x009093DD]&#10;	GetHandleVerifier [0x00CAAABD+2539405]&#10;	GetHandleVerifier [0x00CEA78F+2800735]&#10;	GetHandleVerifier [0x00CE456C+2775612]&#10;	GetHandleVerifier [0x00AD51E0+616112]&#10;	(No symbol) [0x009E5F8C]&#10;	(No symbol) [0x009E2328]&#10;	(No symbol) [0x009E240B]&#10;	(No symbol) [0x009D4FF7]&#10;	BaseThreadInitThunk [0x76C57BA9+25]&#10;	RtlInitializeExceptionChain [0x77C8BDAB+107]&#10;	RtlClearBits [0x77C8BD2F+191]&#10;" type="org.openqa.selenium.SessionNotCreatedException">org.openqa.selenium.SessionNotCreatedException: 
session not created: This version of ChromeDriver only supports Chrome version 114
Current browser version is 122.0.6261.129 with binary path C:\Program Files (x86)\Google\Chrome\Application\chrome.exe
Build info: version: '3.141.59', revision: 'e82be7d358', time: '2018-11-14T08:17:03'
System info: host: 'HP', ip: '10.0.0.47', os.name: 'Windows 11', os.arch: 'amd64', os.version: '10.0', java.version: '11.0.16'
Driver info: driver.version: ChromeDriver
remote stacktrace: Backtrace:
	GetHandleVerifier [0x00A4A813+48355]
	(No symbol) [0x009DC4B1]
	(No symbol) [0x008E5358]
	(No symbol) [0x009061AC]
	(No symbol) [0x00901EF3]
	(No symbol) [0x00900579]
	(No symbol) [0x00930C55]
	(No symbol) [0x0093093C]
	(No symbol) [0x0092A536]
	(No symbol) [0x009082DC]
	(No symbol) [0x009093DD]
	GetHandleVerifier [0x00CAAABD+2539405]
	GetHandleVerifier [0x00CEA78F+2800735]
	GetHandleVerifier [0x00CE456C+2775612]
	GetHandleVerifier [0x00AD51E0+616112]
	(No symbol) [0x009E5F8C]
	(No symbol) [0x009E2328]
	(No symbol) [0x009E240B]
	(No symbol) [0x009D4FF7]
	BaseThreadInitThunk [0x76C57BA9+25]
	RtlInitializeExceptionChain [0x77C8BDAB+107]
	RtlClearBits [0x77C8BD2F+191]

	at com.naveenautomation.tests.RewardPointsPageTest.launchBrowser(RewardPointsPageTest.java:21)
</failure>
    <system-out><![CDATA[19370 [main] INFO com.naveenautomation.TestBase.TestBase  - Launching Chrome Browser
19370 [main] INFO com.naveenautomation.TestBase.TestBase  - Launching Chrome Browser
19370 [main] INFO com.naveenautomation.TestBase.TestBase  - Launching Chrome Browser
19370 [main] INFO com.naveenautomation.TestBase.TestBase  - Launching Chrome Browser
19370 [main] INFO com.naveenautomation.TestBase.TestBase  - Launching Chrome Browser
19370 [main] INFO com.naveenautomation.TestBase.TestBase  - Launching Chrome Browser
19370 [main] INFO com.naveenautomation.TestBase.TestBase  - Launching Chrome Browser
19370 [main] INFO com.naveenautomation.TestBase.TestBase  - Launching Chrome Browser
19370 [main] INFO com.naveenautomation.TestBase.TestBase  - Launching Chrome Browser
19370 [main] INFO com.naveenautomation.TestBase.TestBase  - Launching Chrome Browser
]]></system-out>
    <system-err><![CDATA[log4j:ERROR Could not read configuration file [log4j.properties].
java.io.FileNotFoundException: log4j.properties (The system cannot find the file specified)
	at java.base/java.io.FileInputStream.open0(Native Method)
	at java.base/java.io.FileInputStream.open(FileInputStream.java:219)
	at java.base/java.io.FileInputStream.<init>(FileInputStream.java:157)
	at java.base/java.io.FileInputStream.<init>(FileInputStream.java:112)
	at org.apache.log4j.PropertyConfigurator.doConfigure(PropertyConfigurator.java:372)
	at org.apache.log4j.PropertyConfigurator.configure(PropertyConfigurator.java:403)
	at com.naveenautomation.TestBase.TestBase.setupLogger(TestBase.java:52)
	at java.base/jdk.internal.reflect.NativeMethodAccessorImpl.invoke0(Native Method)
	at java.base/jdk.internal.reflect.NativeMethodAccessorImpl.invoke(NativeMethodAccessorImpl.java:62)
	at java.base/jdk.internal.reflect.DelegatingMethodAccessorImpl.invoke(DelegatingMethodAccessorImpl.java:43)
	at java.base/java.lang.reflect.Method.invoke(Method.java:566)
	at org.testng.internal.MethodInvocationHelper.invokeMethod(MethodInvocationHelper.java:85)
	at org.testng.internal.Invoker.invokeConfigurationMethod(Invoker.java:510)
	at org.testng.internal.Invoker.invokeConfigurations(Invoker.java:211)
	at org.testng.internal.Invoker.invokeConfigurations(Invoker.java:138)
	at org.testng.internal.TestMethodWorker.invokeBeforeClassMethods(TestMethodWorker.java:170)
	at org.testng.internal.TestMethodWorker.run(TestMethodWorker.java:104)
	at org.testng.TestRunner.privateRun(TestRunner.java:774)
	at org.testng.TestRunner.run(TestRunner.java:624)
	at org.testng.SuiteRunner.runTest(SuiteRunner.java:359)
	at org.testng.SuiteRunner.runSequentially(SuiteRunner.java:354)
	at org.testng.SuiteRunner.privateRun(SuiteRunner.java:312)
	at org.testng.SuiteRunner.run(SuiteRunner.java:261)
	at org.testng.SuiteRunnerWorker.runSuite(SuiteRunnerWorker.java:52)
	at org.testng.SuiteRunnerWorker.run(SuiteRunnerWorker.java:86)
	at org.testng.TestNG.runSuitesSequentially(TestNG.java:1191)
	at org.testng.TestNG.runSuitesLocally(TestNG.java:1116)
	at org.testng.TestNG.run(TestNG.java:1024)
	at org.apache.maven.surefire.testng.TestNGExecutor.run(TestNGExecutor.java:135)
	at org.apache.maven.surefire.testng.TestNGDirectoryTestSuite.executeMulti(TestNGDirectoryTestSuite.java:193)
	at org.apache.maven.surefire.testng.TestNGDirectoryTestSuite.execute(TestNGDirectoryTestSuite.java:94)
	at org.apache.maven.surefire.testng.TestNGProvider.invoke(TestNGProvider.java:146)
	at org.apache.maven.surefire.booter.ForkedBooter.invokeProviderInSameClassLoader(ForkedBooter.java:384)
	at org.apache.maven.surefire.booter.ForkedBooter.runSuitesInProcess(ForkedBooter.java:345)
	at org.apache.maven.surefire.booter.ForkedBooter.execute(ForkedBooter.java:126)
	at org.apache.maven.surefire.booter.ForkedBooter.main(ForkedBooter.java:418)
log4j:ERROR Ignoring configuration file [log4j.properties].
Starting ChromeDriver 114.0.5735.90 (386bc09e8f4f2e025eddae123f36f6263096ae49-refs/branch-heads/5735@{#1052}) on port 48587
Only local connections are allowed.
Please see https://chromedriver.chromium.org/security-considerations for suggestions on keeping ChromeDriver safe.
ChromeDriver was started successfully.
]]></system-err>
  </testcase>
  <testcase name="validateRewardPoints" classname="com.naveenautomation.tests.RewardPointsPageTest" time="0">
    <skipped/>
  </testcase>
</testsuite>